<?xml version="1.0" encoding="UTF-8"?>
<!-- Generated by org.testng.reporters.JUnitReportReporter -->
<testsuite hostname="Nandhan" failures="0" tests="1" name="testNG.firstTestCase" time="9.019" errors="0" timestamp="2025-09-01T10:22:38 AEST" skipped="0">
  <testcase classname="testNG.firstTestCase" name="login" time="9.019"/>
</testsuite> <!-- testNG.firstTestCase -->
