<?xml version="1.0" encoding="UTF-8"?>
<!-- Generated by org.testng.reporters.JUnitReportReporter -->
<testsuite hostname="Nandhan" failures="0" tests="1" name="testNG.firstTestCase" time="5.778" errors="0" timestamp="2025-09-01T19:51:45 AEST" skipped="0">
  <testcase classname="testNG.firstTestCase" name="login" time="5.778"/>
</testsuite> <!-- testNG.firstTestCase -->
