<?xml version="1.0" encoding="UTF-8"?>
<!-- Generated by org.testng.reporters.JUnitReportReporter -->
<testsuite hostname="Nandhan" failures="0" tests="1" name="basics.day1" time="9.214" errors="0" timestamp="2025-08-28T21:46:58 AEST" skipped="0">
  <testcase classname="basics.day1" name="test" time="9.214"/>
</testsuite> <!-- basics.day1 -->
