<?xml version="1.0" encoding="UTF-8"?>
<!-- Generated by org.testng.reporters.JUnitReportReporter -->
<testsuite hostname="Nandhan" failures="0" tests="1" name="testNG.firstTestCase" time="3.857" errors="0" timestamp="2025-09-03T15:21:30 AEST" skipped="0">
  <testcase classname="testNG.firstTestCase" name="login" time="3.857"/>
</testsuite> <!-- testNG.firstTestCase -->
